
Version 2.04: released on July 13th, 2012
Compile Oct 12 2021	09:03:05

********************
Contig
********************

Parameters: contig -g /home/mariana/uni/exercise_02/soapdenovo/SRR6130428/SRR6130428_k63_graph -R -p 8 

There are 7728 kmer(s) in vertex file.
There are 18237 edge(s) in edge file.
Kmers sorted.
18237 edge(s) input.
20788 pre-arcs loaded.
416792 markers overall.
416792 markers loaded.
4561 none-palindrome edge(s) swapped, 0 palindrome edge(s) processed.
18237 edge(s) sorted.
Arcs sorted.
327 repeat(s) are solvable, 654 more edge(s).
1308 dead arc(s) removed.
Time spent on solving repeat: 0s.
Start to pinch bubbles, cutoff 0.100000, MAX NODE NUM 3, MAX DIFF NUM 2.
1285 start points, 11244 dheap nodes.
2330 pair(s) found, 426 pair of path(s) compared, 350 pair(s) merged.
Sequence comparison failed:
 Path crossing deleted edge                         0
 Length difference of two paths greater than two    21
 Mismatch score greater than cutoff (2)             30
 Mismatch score ratio greater than cutoff (0.1)     0
 Path length shorter than (Kmer-1)                  25
DFibHeap: 383 node(s) allocated.
2025 edge(s) concatenated in cycle 1.
83 edge(s) concatenated in cycle 2.
0 edge(s) concatenated in cycle 3.
Time spent on pinching bubbles: 0s.
Start to destroy weak inner edges.
229 weak inner edge(s) destroyed in cycle 1.
0 weak inner edge(s) destroyed in cycle 2.
458 dead arc(s) removed.
82 inner edge(s) with coverage lower than or equal to 1 destroyed.
167 dead arc(s) removed.
468 edge(s) concatenated in cycle 1.
14 edge(s) concatenated in cycle 2.
0 edge(s) concatenated in cycle 3.
Before compacting, 18891 edge(s) existed.
After compacting, 12365 edge(s) left.

Strict: 0, cutoff length: 126.
757 tips cut in cycle 1.
83 tips cut in cycle 2.
3 tips cut in cycle 3.
0 tips cut in cycle 4.
500 dead arc(s) removed.
463 edge(s) concatenated in cycle 1.
12 edge(s) concatenated in cycle 2.
0 edge(s) concatenated in cycle 3.
Before compacting, 12365 edge(s) existed.
After compacting, 9729 edge(s) left.

There are 3156 contig(s) longer than 100, sum up 11779878 bp, with average length 3732.
The longest length is 69946 bp, contig N50 is 14294 bp,contig N90 is 3279 bp.
4867 contig(s) longer than 64 output.

Time spent on constructing contig: 0m.

