
Version 2.04: released on July 13th, 2012
Compile Oct 12 2021	09:03:05

********************
Map
********************

Parameters: map -s /home/mariana/uni/exercise_02/soapdenovo/SRR6130428/SRR6130428_soap.conf -p 8 -g /home/mariana/uni/exercise_02/soapdenovo/SRR6130428/SRR6130428_k63_graph 

Kmer size: 63.
Contig length cutoff: 65.

4867 contig(s), maximum sequence length 69946, minimum sequence length 64, maximum name length 10.
Time spent on parsing contigs file: 0s.
8 thread(s) initialized.
Time spent on hashing contigs: 3s.
11594219 node(s) allocated, 11603475 kmer(s) in contigs, 11603475 kmer(s) processed.
Time spent on graph construction: 3s.

Time spent on aligning long reads: 0s.

In file: /home/mariana/uni/exercise_02/soapdenovo/SRR6130428/SRR6130428_soap.conf, max seq len 100, max name len 256
8 thread(s) initialized.
9729 edge(s) in the graph.
Import reads from file:
 /home/mariana/uni/exercise_02/seqs/SRR6130428/SRR6130428_1.trimmo_pe.fastq.gz
Import reads from file:
 /home/mariana/uni/exercise_02/seqs/SRR6130428/SRR6130428_2.trimmo_pe.fastq.gz
Current insert size is 450, map_len is 32.

Total reads         5072168
Reads in gaps       497018
Ratio               9.8%
Reads on contigs    4694058
Ratio               92.5%
1 pe insert size, the largest boundary is 5072168.

LIB(s) information:
 [LIB] 0, avg_ins 450, reverse 0.
Time spent on aligning reads: 56s.

Overall time spent on alignment: 0m.

